Build started 10/6/2014 8:13:42 PM.
     1>Project "C:\Users\a_cijov\Desktop\asg1\Server\Server\Server.vcxproj" on node 2 (Build target(s)).
       Project file contains ToolsVersion="12.0". This toolset may be unknown or missing, in which case you may be able to resolve this by installing the appropriate version of MSBuild, or the build may have been forced to a particular ToolsVersion for policy reasons. Treating the project as if it had ToolsVersion="4.0". For more information, please see http://go.microsoft.com/fwlink/?LinkId=291333.
     1>ClCompile:
         C:\Program Files (x86)\Microsoft Visual Studio 11.0\VC\bin\CL.exe /c /ZI /nologo /W3 /WX- /Od /Oy- /D WIN32 /D _DEBUG /D _CONSOLE /D _LIB /D _UNICODE /D UNICODE /Gm /EHsc /RTC1 /MDd /GS /fp:precise /Zc:wchar_t /Zc:forScope /Fo"Debug\\" /Fd"Debug\vc110.pdb" /Gd /TP /analyze- /errorReport:prompt ser_tcp.cpp
         ser_tcp.cpp
     1>c:\users\a_cijov\desktop\asg1\server\server\ser_tcp.cpp(93): warning C4005: 'FILE' : macro redefinition
                 c:\users\a_cijov\desktop\asg1\server\server\ser_tcp.cpp(81) : see previous definition of 'FILE'
     1>c:\users\a_cijov\desktop\asg1\server\server\ser_tcp.cpp(122): warning C4996: 'sprintf': This function or variable may be unsafe. Consider using sprintf_s instead. To disable deprecation, use _CRT_SECURE_NO_WARNINGS. See online help for details.
                 c:\program files (x86)\microsoft visual studio 11.0\vc\include\stdio.h(357) : see declaration of 'sprintf'
     1>c:\users\a_cijov\desktop\asg1\server\server\ser_tcp.cpp(162): warning C4996: 'strcat': This function or variable may be unsafe. Consider using strcat_s instead. To disable deprecation, use _CRT_SECURE_NO_WARNINGS. See online help for details.
                 c:\program files (x86)\microsoft visual studio 11.0\vc\include\string.h(115) : see declaration of 'strcat'
     1>c:\users\a_cijov\desktop\asg1\server\server\ser_tcp.cpp(163): warning C4996: 'strcat': This function or variable may be unsafe. Consider using strcat_s instead. To disable deprecation, use _CRT_SECURE_NO_WARNINGS. See online help for details.
                 c:\program files (x86)\microsoft visual studio 11.0\vc\include\string.h(115) : see declaration of 'strcat'
     1>c:\users\a_cijov\desktop\asg1\server\server\ser_tcp.cpp(180): warning C4996: 'strcpy': This function or variable may be unsafe. Consider using strcpy_s instead. To disable deprecation, use _CRT_SECURE_NO_WARNINGS. See online help for details.
                 c:\program files (x86)\microsoft visual studio 11.0\vc\include\string.h(110) : see declaration of 'strcpy'
     1>c:\users\a_cijov\desktop\asg1\server\server\ser_tcp.cpp(181): warning C4996: 'strcat': This function or variable may be unsafe. Consider using strcat_s instead. To disable deprecation, use _CRT_SECURE_NO_WARNINGS. See online help for details.
                 c:\program files (x86)\microsoft visual studio 11.0\vc\include\string.h(115) : see declaration of 'strcat'
     1>c:\users\a_cijov\desktop\asg1\server\server\ser_tcp.cpp(202): warning C4244: 'initializing' : conversion from 'std::streamoff' to 'unsigned int', possible loss of data
     1>c:\users\a_cijov\desktop\asg1\server\server\ser_tcp.cpp(208): warning C4996: 'sprintf': This function or variable may be unsafe. Consider using sprintf_s instead. To disable deprecation, use _CRT_SECURE_NO_WARNINGS. See online help for details.
                 c:\program files (x86)\microsoft visual studio 11.0\vc\include\stdio.h(357) : see declaration of 'sprintf'
     1>c:\users\a_cijov\desktop\asg1\server\server\ser_tcp.cpp(234): warning C4996: 'sprintf': This function or variable may be unsafe. Consider using sprintf_s instead. To disable deprecation, use _CRT_SECURE_NO_WARNINGS. See online help for details.
                 c:\program files (x86)\microsoft visual studio 11.0\vc\include\stdio.h(357) : see declaration of 'sprintf'
     1>c:\users\a_cijov\desktop\asg1\server\server\ser_tcp.cpp(191): warning C4101: 'pbuf' : unreferenced local variable
     1>c:\users\a_cijov\desktop\asg1\server\server\ser_tcp.cpp(183): warning C4101: 'buffer' : unreferenced local variable
     1>c:\users\a_cijov\desktop\asg1\server\server\ser_tcp.cpp(192): warning C4101: 'filesize' : unreferenced local variable
     1>c:\users\a_cijov\desktop\asg1\server\server\ser_tcp.cpp(250): warning C4996: 'strcat': This function or variable may be unsafe. Consider using strcat_s instead. To disable deprecation, use _CRT_SECURE_NO_WARNINGS. See online help for details.
                 c:\program files (x86)\microsoft visual studio 11.0\vc\include\string.h(115) : see declaration of 'strcat'
     1>c:\users\a_cijov\desktop\asg1\server\server\ser_tcp.cpp(266): warning C4996: 'strcpy': This function or variable may be unsafe. Consider using strcpy_s instead. To disable deprecation, use _CRT_SECURE_NO_WARNINGS. See online help for details.
                 c:\program files (x86)\microsoft visual studio 11.0\vc\include\string.h(110) : see declaration of 'strcpy'
     1>c:\users\a_cijov\desktop\asg1\server\server\ser_tcp.cpp(267): warning C4996: 'strcat': This function or variable may be unsafe. Consider using strcat_s instead. To disable deprecation, use _CRT_SECURE_NO_WARNINGS. See online help for details.
                 c:\program files (x86)\microsoft visual studio 11.0\vc\include\string.h(115) : see declaration of 'strcat'
     1>c:\users\a_cijov\desktop\asg1\server\server\ser_tcp.cpp(284): warning C4996: 'sscanf': This function or variable may be unsafe. Consider using sscanf_s instead. To disable deprecation, use _CRT_SECURE_NO_WARNINGS. See online help for details.
                 c:\program files (x86)\microsoft visual studio 11.0\vc\include\stdio.h(311) : see declaration of 'sscanf'
     1>c:\users\a_cijov\desktop\asg1\server\server\ser_tcp.cpp(288): warning C4996: 'sprintf': This function or variable may be unsafe. Consider using sprintf_s instead. To disable deprecation, use _CRT_SECURE_NO_WARNINGS. See online help for details.
                 c:\program files (x86)\microsoft visual studio 11.0\vc\include\stdio.h(357) : see declaration of 'sprintf'
     1>c:\users\a_cijov\desktop\asg1\server\server\ser_tcp.cpp(273): warning C4101: 'ibytessent' : unreferenced local variable
     1>c:\users\a_cijov\desktop\asg1\server\server\ser_tcp.cpp(271): warning C4101: 'buffer' : unreferenced local variable
     1>c:\users\a_cijov\desktop\asg1\server\server\ser_tcp.cpp(329): warning C4996: 'strcat': This function or variable may be unsafe. Consider using strcat_s instead. To disable deprecation, use _CRT_SECURE_NO_WARNINGS. See online help for details.
                 c:\program files (x86)\microsoft visual studio 11.0\vc\include\string.h(115) : see declaration of 'strcat'
     1>c:\users\a_cijov\desktop\asg1\server\server\ser_tcp.cpp(346): warning C4996: 'sscanf': This function or variable may be unsafe. Consider using sscanf_s instead. To disable deprecation, use _CRT_SECURE_NO_WARNINGS. See online help for details.
                 c:\program files (x86)\microsoft visual studio 11.0\vc\include\stdio.h(311) : see declaration of 'sscanf'
       Link:
         C:\Program Files (x86)\Microsoft Visual Studio 11.0\VC\bin\link.exe /ERRORREPORT:PROMPT /OUT:"C:\Users\a_cijov\Desktop\asg1\Server\Debug\Server.exe" /INCREMENTAL /NOLOGO kernel32.lib user32.lib gdi32.lib winspool.lib comdlg32.lib advapi32.lib shell32.lib ole32.lib oleaut32.lib uuid.lib odbc32.lib odbccp32.lib /MANIFEST /MANIFESTUAC:"level='asInvoker' uiAccess='false'" /manifest:embed /DEBUG /PDB:"C:\Users\a_cijov\Desktop\asg1\Server\Debug\Server.pdb" /SUBSYSTEM:CONSOLE /TLBID:1 /DYNAMICBASE /NXCOMPAT /IMPLIB:"C:\Users\a_cijov\Desktop\asg1\Server\Debug\Server.lib" /MACHINE:X86 Debug\ser_tcp.obj
         LINK : C:\Users\a_cijov\Desktop\asg1\Server\Debug\Server.exe not found or not built by the last incremental link; performing full link
         Server.vcxproj -> C:\Users\a_cijov\Desktop\asg1\Server\Debug\Server.exe
     1>Done Building Project "C:\Users\a_cijov\Desktop\asg1\Server\Server\Server.vcxproj" (Build target(s)).

Build succeeded.

Time Elapsed 00:00:02.18
